  Epic Fighters XD standalone.cpp
C:\Users\270243039\OneDrive - UP Education\Code\Epic Fighters XD standalone\GameState.h(7,22): warning C4200: nonstandard extension used: zero-sized array in struct/union
C:\Users\270243039\OneDrive - UP Education\Code\Epic Fighters XD standalone\GameState.h(7,22): message : This member will be ignored by a defaulted constructor or copy/move assignment operator
C:\Users\270243039\OneDrive - UP Education\Code\Epic Fighters XD standalone\GameState.h(8,17): error C2229: class 'GameState' has an illegal zero-sized array
C:\Users\270243039\OneDrive - UP Education\Code\Epic Fighters XD standalone\GameState.h(20,7): error C2365: 'GameState::RoundResult': redefinition; previous definition was 'data member'
C:\Users\270243039\OneDrive - UP Education\Code\Epic Fighters XD standalone\GameState.h(8): message : see declaration of 'GameState::RoundResult'
C:\Users\270243039\OneDrive - UP Education\Code\Epic Fighters XD standalone\Epic Fighters XD standalone.cpp(11,15): warning C4244: 'argument': conversion from 'time_t' to 'unsigned int', possible loss of data
  GameState.cpp
C:\Users\270243039\OneDrive - UP Education\Code\Epic Fighters XD standalone\GameState.h(7,20): error C3646: 'playerArray': unknown override specifier
C:\Users\270243039\OneDrive - UP Education\Code\Epic Fighters XD standalone\GameState.h(7,20): error C2143: syntax error: missing ',' before '['
C:\Users\270243039\OneDrive - UP Education\Code\Epic Fighters XD standalone\GameState.h(7,22): error C2238: unexpected token(s) preceding ';'
C:\Users\270243039\OneDrive - UP Education\Code\Epic Fighters XD standalone\GameState.h(20,7): error C2365: 'GameState::RoundResult': redefinition; previous definition was 'data member'
C:\Users\270243039\OneDrive - UP Education\Code\Epic Fighters XD standalone\GameState.h(8): message : see declaration of 'GameState::RoundResult'
C:\Users\270243039\OneDrive - UP Education\Code\Epic Fighters XD standalone\GameState.h(26,29): error C2061: syntax error: identifier 'Player'
C:\Users\270243039\OneDrive - UP Education\Code\Epic Fighters XD standalone\GameState.h(33,23): error C3646: 'getPlayerArray': unknown override specifier
C:\Users\270243039\OneDrive - UP Education\Code\Epic Fighters XD standalone\GameState.h(33,23): error C2059: syntax error: '('
C:\Users\270243039\OneDrive - UP Education\Code\Epic Fighters XD standalone\GameState.h(33,30): error C2238: unexpected token(s) preceding ';'
C:\Users\270243039\OneDrive - UP Education\Code\Epic Fighters XD standalone\GameState.cpp(58,30): error C2660: 'GameState::setPlayerArray': function does not take 2 arguments
C:\Users\270243039\OneDrive - UP Education\Code\Epic Fighters XD standalone\GameState.h(26,7): message : see declaration of 'GameState::setPlayerArray'
C:\Users\270243039\OneDrive - UP Education\Code\Epic Fighters XD standalone\GameState.cpp(59,30): error C2660: 'GameState::setPlayerArray': function does not take 2 arguments
C:\Users\270243039\OneDrive - UP Education\Code\Epic Fighters XD standalone\GameState.h(26,7): message : see declaration of 'GameState::setPlayerArray'
C:\Users\270243039\OneDrive - UP Education\Code\Epic Fighters XD standalone\GameState.cpp(129,30): error C3861: 'getPlayerArray': identifier not found
C:\Users\270243039\OneDrive - UP Education\Code\Epic Fighters XD standalone\GameState.cpp(129,74): error C3861: 'getPlayerArray': identifier not found
C:\Users\270243039\OneDrive - UP Education\Code\Epic Fighters XD standalone\GameState.cpp(140,21): error C2064: term does not evaluate to a function taking 1 arguments
C:\Users\270243039\OneDrive - UP Education\Code\Epic Fighters XD standalone\GameState.cpp(146,21): error C2064: term does not evaluate to a function taking 1 arguments
C:\Users\270243039\OneDrive - UP Education\Code\Epic Fighters XD standalone\GameState.cpp(158,21): error C2064: term does not evaluate to a function taking 1 arguments
C:\Users\270243039\OneDrive - UP Education\Code\Epic Fighters XD standalone\GameState.cpp(161,24): error C2064: term does not evaluate to a function taking 1 arguments
C:\Users\270243039\OneDrive - UP Education\Code\Epic Fighters XD standalone\GameState.cpp(170,21): error C2064: term does not evaluate to a function taking 1 arguments
C:\Users\270243039\OneDrive - UP Education\Code\Epic Fighters XD standalone\GameState.cpp(174,21): error C2064: term does not evaluate to a function taking 1 arguments
C:\Users\270243039\OneDrive - UP Education\Code\Epic Fighters XD standalone\GameState.cpp(182,21): error C2064: term does not evaluate to a function taking 1 arguments
C:\Users\270243039\OneDrive - UP Education\Code\Epic Fighters XD standalone\GameState.cpp(185,24): error C2064: term does not evaluate to a function taking 1 arguments
C:\Users\270243039\OneDrive - UP Education\Code\Epic Fighters XD standalone\GameState.cpp(200,21): error C2064: term does not evaluate to a function taking 1 arguments
C:\Users\270243039\OneDrive - UP Education\Code\Epic Fighters XD standalone\GameState.cpp(208,21): error C2064: term does not evaluate to a function taking 1 arguments
C:\Users\270243039\OneDrive - UP Education\Code\Epic Fighters XD standalone\GameState.cpp(213,21): error C2064: term does not evaluate to a function taking 1 arguments
C:\Users\270243039\OneDrive - UP Education\Code\Epic Fighters XD standalone\GameState.cpp(216,24): error C2064: term does not evaluate to a function taking 1 arguments
C:\Users\270243039\OneDrive - UP Education\Code\Epic Fighters XD standalone\GameState.cpp(221,21): error C2064: term does not evaluate to a function taking 1 arguments
C:\Users\270243039\OneDrive - UP Education\Code\Epic Fighters XD standalone\GameState.cpp(223,24): error C2064: term does not evaluate to a function taking 1 arguments
C:\Users\270243039\OneDrive - UP Education\Code\Epic Fighters XD standalone\GameState.cpp(283,54): error C2511: 'void GameState::setPlayerArray(Player,int)': overloaded member function not found in 'GameState'
C:\Users\270243039\OneDrive - UP Education\Code\Epic Fighters XD standalone\GameState.h(2): message : see declaration of 'GameState'
C:\Users\270243039\OneDrive - UP Education\Code\Epic Fighters XD standalone\GameState.cpp(285,5): error C2065: 'playerArray': undeclared identifier
C:\Users\270243039\OneDrive - UP Education\Code\Epic Fighters XD standalone\GameState.cpp(290,36): error C2063: 'GameState::RoundResult': not a function
C:\Users\270243039\OneDrive - UP Education\Code\Epic Fighters XD standalone\GameState.cpp(352,19): error C2039: 'getPlayerArray': is not a member of 'GameState'
C:\Users\270243039\OneDrive - UP Education\Code\Epic Fighters XD standalone\GameState.h(2): message : see declaration of 'GameState'
C:\Users\270243039\OneDrive - UP Education\Code\Epic Fighters XD standalone\GameState.cpp(354,12): error C2065: 'playerArray': undeclared identifier
  Player.cpp
C:\Users\270243039\OneDrive - UP Education\Code\Epic Fighters XD standalone\Player.cpp(58,20): warning C4018: '<': signed/unsigned mismatch
  Generating Code...
